<?xml version="1.0" encoding="UTF-8"?>
<!-- Generated by org.testng.reporters.JUnitXMLReporter -->
<testsuite ignored="0" hostname="QT-INBG-LT0519" failures="0" tests="3" name="Test" time="0.093" errors="0" timestamp="24 Apr 2024 10:46:24 GMT">
  <testcase classname="TestComponent.BaseTest" name="@BeforeMethod initialization" time="0.012">
    <failure type="java.lang.NullPointerException" message="Cannot invoke &amp;quot;org.openqa.selenium.WebDriver.manage()&amp;quot; because &amp;quot;this.driver&amp;quot; is null">
      <![CDATA[java.lang.NullPointerException: Cannot invoke "org.openqa.selenium.WebDriver.manage()" because "this.driver" is null
at TestComponent.BaseTest.initializeDriver(BaseTest.java:43)
at TestComponent.BaseTest.initialization(BaseTest.java:50)
... Removed 28 stack frames]]>
    </failure>
  </testcase> <!-- @BeforeMethod initialization -->
  <testcase classname="TestComponent.BaseTest" name="@AfterMethod teardown" time="0.0">
    <skipped/>
  </testcase> <!-- @AfterMethod teardown -->
  <testcase classname="TestComponent.BaseTest" name="@BeforeMethod initialization" time="0.001">
    <failure type="java.lang.NullPointerException" message="Cannot invoke &amp;quot;org.openqa.selenium.WebDriver.manage()&amp;quot; because &amp;quot;this.driver&amp;quot; is null">
      <![CDATA[java.lang.NullPointerException: Cannot invoke "org.openqa.selenium.WebDriver.manage()" because "this.driver" is null
at TestComponent.BaseTest.initializeDriver(BaseTest.java:43)
at TestComponent.BaseTest.initialization(BaseTest.java:50)
... Removed 28 stack frames]]>
    </failure>
  </testcase> <!-- @BeforeMethod initialization -->
  <testcase classname="TestComponent.BaseTest" name="@AfterMethod teardown" time="0.0">
    <skipped/>
  </testcase> <!-- @AfterMethod teardown -->
  <testcase classname="TestComponent.BaseTest" name="@BeforeMethod initialization" time="0.0">
    <skipped/>
  </testcase> <!-- @BeforeMethod initialization -->
  <testcase classname="TestComponent.BaseTest" name="@AfterMethod teardown" time="0.0">
    <skipped/>
  </testcase> <!-- @AfterMethod teardown -->
  <testcase classname="SeleniumProject.SubmitOrderTest" name="submitOrder" time="0.0">
    <skipped/>
  </testcase> <!-- submitOrder -->
  <testcase classname="SeleniumProject.ErrorValidationTest" name="loginerrorvalidation" time="0.0">
    <skipped/>
  </testcase> <!-- loginerrorvalidation -->
  <testcase classname="SeleniumProject.ErrorValidationTest" name="submitOrder" time="0.0">
    <skipped/>
  </testcase> <!-- submitOrder -->
</testsuite> <!-- Test -->
